0 verbose cli /usr/local/bin/node /usr/local/lib/node_modules/npm/bin/npm-cli.js
1 info using npm@11.16.0
2 info using node@v24.16.0
3 silly config load:file:/usr/local/lib/node_modules/npm/npmrc
4 silly config load:file:/Users/mackbook/Documents/AITesting/AITesting/ContentGenerator_Agent/.npmrc
5 silly config load:file:/Users/mackbook/.npmrc
6 silly config load:file:/usr/local/etc/npmrc
7 verbose title npm exec create-next-app@14.2.3 contentforge --ts --tailwind --eslint --app --no-src-dir --import-alias @/* --use-npm --yes
8 verbose argv "exec" "--yes" "--" "create-next-app@14.2.3" "contentforge" "--ts" "--tailwind" "--eslint" "--app" "--no-src-dir" "--import-alias" "@/*" "--use-npm" "--yes"
9 verbose logfile logs-max:10 dir:/Users/mackbook/Documents/AITesting/AITesting/ContentGenerator_Agent/.npm-cache/_logs/2026-06-20T17_50_47_211Z-
10 verbose logfile /Users/mackbook/Documents/AITesting/AITesting/ContentGenerator_Agent/.npm-cache/_logs/2026-06-20T17_50_47_211Z-debug-0.log
11 silly logfile done cleaning log files
12 silly packumentCache heap:4496293888 maxSize:1124073472 maxEntrySize:562036736
13 http fetch GET 200 https://registry.npmjs.org/create-next-app 343ms (cache revalidated)
14 silly packumentCache heap:4496293888 maxSize:1124073472 maxEntrySize:562036736
15 silly packumentCache heap:4496293888 maxSize:1124073472 maxEntrySize:562036736
16 verbose cwd /Users/mackbook/Documents/AITesting/AITesting/ContentGenerator_Agent
17 verbose os Darwin 25.5.0
18 verbose node v24.16.0
19 verbose npm  v11.16.0
20 verbose exit 0
21 info ok
