0 verbose cli /usr/local/bin/node /usr/local/lib/node_modules/npm/bin/npm-cli.js
1 info using npm@11.16.0
2 info using node@v24.16.0
3 silly config load:file:/usr/local/lib/node_modules/npm/npmrc
4 silly config load:file:/Users/mackbook/Documents/AITesting/AITesting/ContentGenerator_Agent/.npmrc
5 silly config load:file:/Users/mackbook/.npmrc
6 silly config load:file:/usr/local/etc/npmrc
7 verbose title npm exec ts-node scratch_list_models.ts
8 verbose argv "exec" "--" "ts-node" "scratch_list_models.ts"
9 verbose logfile logs-max:10 dir:/Users/mackbook/Documents/AITesting/AITesting/ContentGenerator_Agent/.npm-cache/_logs/2026-06-20T18_05_59_742Z-
10 verbose logfile /Users/mackbook/Documents/AITesting/AITesting/ContentGenerator_Agent/.npm-cache/_logs/2026-06-20T18_05_59_742Z-debug-0.log
11 silly logfile start cleaning logs, removing 1 files
12 silly logfile done cleaning log files
13 silly packumentCache heap:4496293888 maxSize:1124073472 maxEntrySize:562036736
14 http fetch GET 200 https://registry.npmjs.org/ts-node 57ms (cache revalidated)
15 silly packumentCache heap:4496293888 maxSize:1124073472 maxEntrySize:562036736
16 silly packumentCache heap:4496293888 maxSize:1124073472 maxEntrySize:562036736
17 verbose cwd /Users/mackbook/Documents/AITesting/AITesting/ContentGenerator_Agent
18 verbose os Darwin 25.5.0
19 verbose node v24.16.0
20 verbose npm  v11.16.0
21 verbose exit 0
22 info ok
